test    1: 01001101011001010011110100100100110110011 01001101011001010011110100100100  249 faults detected
	   1324gat /1
	   1036gat->1229gat /1
	   1gat->1228gat /1
	   1gat /1
	   1036gat /1
	   996gat->1036gat /1
	   818gat /1
	   834gat /0
	   586gat /1
	   642gat /0
	   395gat /1
	   474gat /0
	   314gat /0
	   1gat->314gat /1
	   29gat /0
	   546gat /0
	   477gat->546gat /1
	   477gat /1
	   85gat->397gat /1
	   57gat->396gat /1
	   57gat /1
	   85gat /1
	   794gat /0
	   770gat->794gat /1
	   770gat /1
	   730gat->755gat /1
	   730gat->754gat /1
	   242gat /0
	   730gat /1
	   699gat /1
	   718gat /0
	   113gat /1
	   120gat /1
	   127gat /0
	   134gat /0
	   678gat /0
	   622gat->678gat /1
	   141gat /0
	   148gat /0
	   155gat /1
	   162gat /0
	   996gat /1
	   169gat /1
	   197gat /1
	   8gat /0
	   15gat /1
	   22gat /1
	   36gat /0
	   43gat /1
	   50gat /0
	   176gat /1
	   204gat /0
	   64gat /0
	   71gat /0
	   78gat /1
	   92gat /0
	   99gat /1
	   106gat /0
	   183gat /0
	   211gat /1
	   190gat /1
	   218gat /1
	   847gat /0
	   821gat /1
	   645gat /1
	   483gat->589gat /1
	   480gat->588gat /1
	   480gat /1
	   320gat->399gat /1
	   320gat->398gat /1
	   320gat /1
	   483gat /1
	   323gat->401gat /1
	   323gat->400gat /1
	   323gat /1
	   797gat /0
	   645gat->797gat /1
	   756gat /1
	   773gat /0
	   245gat /0
	   733gat /0
	   721gat->733gat /1
	   721gat /1
	   681gat->701gat /1
	   681gat->700gat /1
	   681gat /1
	   1230gat /1
	   1325gat /0
	   1135gat /0
	   1039gat->1135gat /1
	   1039gat /1
	   996gat->1039gat /1
	   1326gat /1
	   1042gat->1233gat /1
	   15gat->1232gat /1
	   1042gat /1
	   1327gat /1
	   1045gat->1235gat /1
	   22gat->1234gat /1
	   1045gat /1
	   996gat->1045gat /1
	   1236gat /1
	   1328gat /0
	   1144gat /0
	   1048gat->1144gat /1
	   1048gat /1
	   1001gat->1048gat /1
	   1001gat /1
	   1238gat /1
	   1329gat /0
	   1147gat /0
	   1051gat->1147gat /1
	   1051gat /1
	   1001gat->1051gat /1
	   1330gat /1
	   1054gat->1241gat /1
	   43gat->1240gat /1
	   1054gat /1
	   1242gat /1
	   1331gat /0
	   1153gat /0
	   1057gat->1153gat /1
	   1057gat /1
	   1001gat->1057gat /1
	   1332gat /1
	   1060gat->1245gat /1
	   57gat->1244gat /1
	   1060gat /1
	   1006gat->1060gat /1
	   1006gat /1
	   1246gat /1
	   1333gat /0
	   1159gat /0
	   1063gat->1159gat /1
	   1063gat /1
	   1006gat->1063gat /1
	   1248gat /1
	   1334gat /0
	   1162gat /0
	   1066gat->1162gat /1
	   1066gat /1
	   1335gat /1
	   1069gat->1251gat /1
	   78gat->1250gat /1
	   1069gat /1
	   1006gat->1069gat /1
	   1336gat /1
	   1072gat->1253gat /1
	   85gat->1252gat /1
	   1072gat /1
	   1011gat->1072gat /1
	   1011gat /1
	   1254gat /1
	   1337gat /0
	   1171gat /0
	   1075gat->1171gat /1
	   1075gat /1
	   1011gat->1075gat /1
	   1338gat /1
	   1078gat->1257gat /1
	   99gat->1256gat /1
	   1078gat /1
	   1258gat /1
	   1339gat /0
	   1177gat /0
	   1081gat->1177gat /1
	   1081gat /1
	   1011gat->1081gat /1
	   1340gat /1
	   1084gat->1261gat /1
	   113gat->1260gat /1
	   1084gat /1
	   1016gat /1
	   1341gat /1
	   1087gat->1263gat /1
	   120gat->1262gat /1
	   1087gat /1
	   1264gat /1
	   1342gat /0
	   1186gat /0
	   1090gat->1186gat /1
	   1090gat /1
	   1016gat->1090gat /1
	   1266gat /1
	   1343gat /0
	   1189gat /0
	   1093gat->1189gat /1
	   1093gat /1
	   1268gat /1
	   1344gat /0
	   1192gat /0
	   1096gat->1192gat /1
	   1096gat /1
	   1021gat /1
	   972gat /1
	   1270gat /1
	   1345gat /0
	   1195gat /0
	   1099gat->1195gat /1
	   1099gat /1
	   1346gat /1
	   1102gat->1273gat /1
	   155gat->1272gat /1
	   1102gat /1
	   1021gat->1102gat /1
	   1274gat /1
	   1347gat /0
	   1201gat /0
	   1105gat->1201gat /1
	   1105gat /1
	   1348gat /1
	   1108gat->1277gat /1
	   169gat->1276gat /1
	   1108gat /1
	   1026gat /1
	   1349gat /1
	   1111gat->1279gat /1
	   176gat->1278gat /1
	   1111gat /1
	   1280gat /1
	   1350gat /0
	   1210gat /0
	   1114gat->1210gat /1
	   1114gat /1
	   1026gat->1114gat /1
	   1351gat /1
	   1117gat->1283gat /1
	   190gat->1282gat /1
	   1117gat /1
	   1352gat /1
	   1120gat->1285gat /1
	   197gat->1284gat /1
	   1120gat /1
	   1031gat /1
	   976gat /1
	   1286gat /1
	   1353gat /0
	   1219gat /0
	   1123gat->1219gat /1
	   1123gat /1
	   1354gat /1
	   1126gat->1289gat /1
	   211gat->1288gat /1
	   1126gat /1
	   1031gat->1126gat /1
	   1355gat /1
	   1129gat->1291gat /1
	   218gat->1290gat /1
	   1129gat /1
test    2: 01000100011001111010000010101101111101000 01000100011001111010000010101101  107 faults detected
	   29gat /1
	   113gat /0
	   134gat /1
	   141gat /1
	   148gat /1
	   162gat /1
	   951gat /1
	   169gat /0
	   197gat /0
	   50gat /1
	   99gat /0
	   831gat /1
	   912gat /0
	   660gat /1
	   564gat->599gat /1
	   564gat->598gat /1
	   418gat /1
	   510gat /0
	   350gat /0
	   155gat->350gat /1
	   564gat /1
	   513gat /0
	   420gat /1
	   353gat /0
	   211gat->353gat /1
	   812gat /0
	   660gat->812gat /1
	   788gat /0
	   767gat /1
	   260gat /1
	   748gat /0
	   260gat->748gat /1
	   694gat /1
	   712gat /0
	   672gat /0
	   612gat->672gat /1
	   899gat /0
	   832gat /1
	   663gat /0
	   601gat /1
	   516gat /1
	   162gat->423gat /1
	   134gat->422gat /1
	   567gat /0
	   516gat->567gat /1
	   425gat /1
	   519gat /0
	   359gat /0
	   190gat->359gat /1
	   218gat /0
	   815gat /0
	   791gat->815gat /1
	   791gat /1
	   715gat->769gat /1
	   263gat->768gat /1
	   263gat /1
	   715gat /1
	   675gat->697gat /1
	   675gat->696gat /1
	   675gat /1
	   1328gat /1
	   1048gat->1237gat /1
	   29gat->1236gat /1
	   953gat /1
	   1331gat /1
	   1057gat->1243gat /1
	   50gat->1242gat /1
	   1256gat /1
	   1338gat /0
	   1174gat /0
	   1078gat->1174gat /1
	   1260gat /1
	   1340gat /0
	   1180gat /0
	   1084gat->1180gat /1
	   1016gat->1084gat /1
	   1343gat /1
	   1093gat->1267gat /1
	   134gat->1266gat /1
	   1016gat->1093gat /1
	   1344gat /1
	   1096gat->1269gat /1
	   141gat->1268gat /1
	   1021gat->1096gat /1
	   1345gat /1
	   1099gat->1271gat /1
	   148gat->1270gat /1
	   1347gat /1
	   1105gat->1275gat /1
	   162gat->1274gat /1
	   1021gat->1105gat /1
	   1276gat /1
	   1348gat /0
	   1204gat /0
	   1108gat->1204gat /1
	   1026gat->1108gat /1
	   1026gat->1117gat /1
	   1284gat /1
	   1352gat /0
	   1216gat /0
	   1120gat->1216gat /1
	   1031gat->1120gat /1
	   1290gat /1
	   1355gat /0
	   1225gat /0
	   1129gat->1225gat /1
	   1031gat->1129gat /1
test    3: 10001001010000011111111001110001111111000 10001001010000011111111001110001   53 faults detected
	   1228gat /1
	   1324gat /0
	   1gat /0
	   1132gat /0
	   1036gat->1132gat /1
	   120gat /0
	   155gat /0
	   8gat /1
	   36gat /1
	   176gat /0
	   204gat /1
	   71gat /1
	   92gat /1
	   190gat /0
	   1325gat /1
	   1039gat->1231gat /1
	   8gat->1230gat /1
	   996gat->1042gat /1
	   1329gat /1
	   1051gat->1239gat /1
	   36gat->1238gat /1
	   1001gat->1054gat /1
	   1334gat /1
	   1066gat->1249gat /1
	   71gat->1248gat /1
	   1006gat->1066gat /1
	   1337gat /1
	   1075gat->1255gat /1
	   92gat->1254gat /1
	   1011gat->1078gat /1
	   1262gat /1
	   1341gat /0
	   1183gat /0
	   1087gat->1183gat /1
	   1016gat->1087gat /1
	   1021gat->1099gat /1
	   1272gat /1
	   1346gat /0
	   1198gat /0
	   1102gat->1198gat /1
	   1278gat /1
	   1349gat /0
	   1207gat /0
	   1111gat->1207gat /1
	   1026gat->1111gat /1
	   1282gat /1
	   1351gat /0
	   1213gat /0
	   1117gat->1213gat /1
	   1353gat /1
	   1123gat->1287gat /1
	   204gat->1286gat /1
	   1031gat->1123gat /1
test    4: 01010101100111011111011010001001011111011 01010101100111011111011010001001  112 faults detected
	   57gat /0
	   85gat /0
	   925gat /1
	   806gat->827gat /1
	   806gat->826gat /1
	   594gat /1
	   654gat /0
	   410gat /1
	   498gat /0
	   338gat /0
	   141gat->338gat /1
	   558gat /0
	   501gat->558gat /1
	   501gat /1
	   341gat->413gat /1
	   341gat->412gat /1
	   341gat /1
	   806gat /1
	   782gat /0
	   762gat /1
	   254gat /0
	   742gat /0
	   706gat->742gat /1
	   706gat /1
	   607gat->691gat /1
	   602gat->690gat /1
	   22gat /0
	   886gat /1
	   785gat->829gat /1
	   657gat->828gat /1
	   657gat /1
	   507gat->597gat /1
	   504gat->596gat /1
	   504gat /1
	   344gat->415gat /1
	   344gat->414gat /1
	   344gat /1
	   507gat /1
	   204gat->417gat /1
	   176gat->416gat /1
	   785gat /1
	   745gat->765gat /1
	   745gat->764gat /1
	   257gat /0
	   745gat /1
	   709gat /0
	   693gat /1
	   64gat /1
	   78gat /0
	   669gat /0
	   612gat->669gat /1
	   912gat /1
	   788gat->831gat /1
	   660gat->830gat /1
	   513gat->599gat /1
	   510gat->598gat /1
	   510gat /1
	   350gat->419gat /1
	   350gat->418gat /1
	   350gat /1
	   513gat /1
	   211gat->421gat /1
	   183gat->420gat /1
	   183gat /1
	   788gat /1
	   712gat->767gat /1
	   260gat->766gat /1
	   231gat /1
	   712gat /1
	   612gat->695gat /1
	   602gat->694gat /1
	   899gat /1
	   791gat->833gat /1
	   663gat->832gat /1
	   663gat /1
	   567gat->601gat /1
	   567gat->600gat /1
	   516gat /0
	   422gat /1
	   356gat /0
	   162gat->356gat /1
	   567gat /1
	   751gat->769gat /1
	   751gat->768gat /1
	   263gat /0
	   751gat /1
	   715gat /0
	   697gat /1
	   675gat /0
	   607gat->675gat /1
	   1234gat /1
	   1327gat /0
	   1141gat /0
	   1045gat->1141gat /1
	   1244gat /1
	   1332gat /0
	   1156gat /0
	   1060gat->1156gat /1
	   1333gat /1
	   1063gat->1247gat /1
	   64gat->1246gat /1
	   1250gat /1
	   1335gat /0
	   1165gat /0
	   1069gat->1165gat /1
	   1252gat /1
	   1336gat /0
	   1168gat /0
	   1072gat->1168gat /1
	   1350gat /1
	   1114gat->1281gat /1
	   183gat->1280gat /1
test    5: 11011001010101001110110100001101111111011 11011001010101001110110100001101    4 faults detected
	   106gat /1
	   1339gat /1
	   1081gat->1259gat /1
	   106gat->1258gat /1
test    6: 00110000100100110000010110001000100111000 00110000100100110000010110001000   86 faults detected
	   587gat /1
	   474gat /1
	   29gat->395gat /1
	   1gat->394gat /1
	   474gat->546gat /1
	   477gat /0
	   396gat /1
	   317gat /0
	   85gat->317gat /1
	   718gat->755gat /1
	   242gat->754gat /1
	   242gat /1
	   233gat->242gat /1
	   718gat /1
	   627gat->699gat /1
	   622gat->698gat /1
	   127gat /1
	   15gat /0
	   886gat /0
	   828gat /1
	   657gat /0
	   596gat /1
	   504gat /0
	   415gat /1
	   344gat /0
	   120gat->344gat /1
	   561gat /0
	   507gat->561gat /1
	   809gat /0
	   785gat->809gat /1
	   709gat->765gat /1
	   257gat->764gat /1
	   257gat /1
	   233gat->257gat /1
	   709gat /1
	   617gat->693gat /1
	   612gat->692gat /1
	   600gat /1
	   423gat /1
	   134gat->356gat /1
	   519gat->567gat /1
	   519gat /1
	   218gat->425gat /1
	   190gat->424gat /1
	   617gat->697gat /1
	   607gat->696gat /1
	   986gat /1
	   948gat /1
	   941gat /1
	   860gat /0
	   823gat /1
	   648gat /1
	   552gat->591gat /1
	   552gat->590gat /1
	   486gat /0
	   402gat /1
	   326gat /0
	   43gat->326gat /1
	   552gat /1
	   405gat /1
	   489gat /0
	   329gat /0
	   71gat->329gat /1
	   800gat /0
	   648gat->800gat /1
	   759gat /1
	   776gat /0
	   248gat /1
	   736gat /0
	   248gat->736gat /1
	   724gat /0
	   703gat /1
	   684gat /0
	   622gat->684gat /1
	   1232gat /1
	   1326gat /0
	   1138gat /0
	   1042gat->1138gat /1
	   986gat->1011gat /1
	   991gat->1016gat /1
	   991gat /1
	   966gat /1
	   959gat /1
	   1342gat /1
	   1090gat->1265gat /1
	   127gat->1264gat /1
test    7: 00100010011111010001010001001000010111111 00100010011111010001010001001000    6 faults detected
	   43gat /0
	   1240gat /1
	   1330gat /0
	   1150gat /0
	   1054gat->1150gat /1
	   986gat->1006gat /1
test    8: 00001110101011010101011011111001100100010 00001110101011010101011011111001   53 faults detected
	   317gat->397gat /1
	   317gat->396gat /1
	   317gat /1
	   827gat /1
	   925gat /0
	   654gat /1
	   501gat->595gat /1
	   498gat->594gat /1
	   498gat /1
	   141gat->411gat /1
	   113gat->410gat /1
	   806gat /0
	   654gat->806gat /1
	   763gat /1
	   254gat /1
	   254gat->742gat /1
	   691gat /1
	   706gat /0
	   666gat /0
	   602gat->666gat /1
	   359gat->425gat /1
	   359gat->424gat /1
	   359gat /1
	   233gat->263gat /1
	   949gat /1
	   938gat /1
	   824gat /1
	   873gat /0
	   593gat /1
	   651gat /0
	   492gat /1
	   50gat->407gat /1
	   22gat->406gat /1
	   555gat /0
	   492gat->555gat /1
	   495gat /0
	   409gat /1
	   335gat /0
	   78gat->335gat /1
	   803gat /0
	   779gat->803gat /1
	   779gat /1
	   727gat->761gat /1
	   251gat->760gat /1
	   251gat /1
	   233gat->251gat /1
	   727gat /1
	   637gat->705gat /1
	   627gat->704gat /1
	   986gat->1001gat /1
	   969gat /1
	   958gat /1
	   991gat->1021gat /1
test    9: 11010011001000101110011100011101001010101 11010011001000101110011100011101   25 faults detected
	   394gat /1
	   29gat->314gat /1
	   225gat /1
	   678gat->699gat /1
	   678gat->698gat /1
	   678gat /1
	   947gat /1
	   944gat /1
	   820gat /1
	   645gat /0
	   588gat /1
	   480gat /0
	   398gat /1
	   320gat /0
	   36gat->320gat /1
	   549gat /0
	   483gat->549gat /1
	   92gat->401gat /1
	   64gat->400gat /1
	   773gat->797gat /1
	   773gat /1
	   721gat->757gat /1
	   245gat->756gat /1
	   245gat /1
	   226gat /1
test   10: 01100010010110000001000001111100101111011 01100010010110000001000001111100    0 faults detected
test   11: 10001110000111101011011110111101011011101 10001110000111101011011110111101   48 faults detected
	   578gat /1
	   622gat /0
	   378gat /1
	   450gat /0
	   290gat /0
	   120gat->290gat /1
	   534gat /0
	   453gat->534gat /1
	   453gat /1
	   293gat->381gat /1
	   293gat->380gat /1
	   293gat /1
	   627gat /0
	   580gat /1
	   456gat /0
	   383gat /1
	   296gat /0
	   141gat->296gat /1
	   537gat /0
	   459gat->537gat /1
	   459gat /1
	   299gat->385gat /1
	   299gat->384gat /1
	   299gat /1
	   632gat /0
	   582gat /1
	   462gat /0
	   386gat /1
	   302gat /0
	   176gat->302gat /1
	   540gat /0
	   465gat->540gat /1
	   465gat /1
	   305gat->389gat /1
	   305gat->388gat /1
	   305gat /1
	   585gat /1
	   637gat /0
	   468gat /1
	   308gat->391gat /1
	   308gat->390gat /1
	   308gat /1
	   543gat /0
	   468gat->543gat /1
	   471gat /0
	   393gat /1
	   311gat /0
	   211gat->311gat /1
test   12: 01110100111010001010010100111100011011001 01110100111010001010010100111100    0 faults detected
test   13: 10010100110000100111001010001000010100011 10010100110000100111001000001000  149 faults detected
	   834gat /1
	   770gat->819gat /1
	   642gat->818gat /1
	   642gat /1
	   546gat->587gat /1
	   546gat->586gat /1
	   546gat /1
	   233gat /0
	   379gat /1
	   113gat->290gat /1
	   581gat /1
	   456gat /1
	   148gat->383gat /1
	   141gat->382gat /1
	   456gat->537gat /1
	   384gat /1
	   459gat /0
	   299gat /0
	   162gat->299gat /1
	   229gat /1
	   602gat /1
	   522gat->571gat /1
	   522gat->570gat /1
	   362gat /1
	   426gat /0
	   266gat /0
	   8gat->266gat /1
	   522gat /1
	   429gat /0
	   365gat /1
	   269gat /0
	   15gat->269gat /1
	   607gat /0
	   572gat /1
	   432gat /0
	   367gat /1
	   272gat /0
	   29gat->272gat /1
	   525gat /0
	   435gat->525gat /1
	   435gat /1
	   50gat->369gat /1
	   43gat->368gat /1
	   809gat->829gat /1
	   809gat->828gat /1
	   414gat /1
	   148gat->344gat /1
	   809gat /1
	   765gat /1
	   785gat /0
	   230gat /1
	   745gat /0
	   257gat->745gat /1
	   612gat /1
	   441gat->575gat /1
	   438gat->574gat /1
	   438gat /1
	   278gat->371gat /1
	   278gat->370gat /1
	   278gat /1
	   441gat /1
	   78gat->373gat /1
	   71gat->372gat /1
	   577gat /1
	   617gat /0
	   444gat /1
	   92gat->375gat /1
	   85gat->374gat /1
	   531gat /0
	   444gat->531gat /1
	   447gat /0
	   376gat /1
	   287gat /0
	   106gat->287gat /1
	   815gat->833gat /1
	   815gat->832gat /1
	   815gat /1
	   768gat /1
	   791gat /0
	   751gat /0
	   715gat->751gat /1
	   549gat->589gat /1
	   549gat->588gat /1
	   399gat /1
	   8gat->320gat /1
	   549gat /1
	   400gat /1
	   483gat /0
	   323gat /0
	   92gat->323gat /1
	   190gat->389gat /1
	   183gat->388gat /1
	   584gat /1
	   390gat /1
	   468gat /0
	   308gat /0
	   204gat->308gat /1
	   471gat->543gat /1
	   471gat /1
	   218gat->393gat /1
	   211gat->392gat /1
	   822gat /1
	   648gat /0
	   591gat /1
	   486gat /1
	   43gat->403gat /1
	   15gat->402gat /1
	   552gat /0
	   486gat->552gat /1
	   776gat->800gat /1
	   776gat /1
	   724gat->759gat /1
	   248gat->758gat /1
	   227gat /1
	   724gat /1
	   684gat->703gat /1
	   684gat->702gat /1
	   684gat /1
	   873gat /1
	   803gat->825gat /1
	   803gat->824gat /1
	   592gat /1
	   406gat /1
	   492gat /0
	   332gat /0
	   50gat->332gat /1
	   495gat->555gat /1
	   495gat /1
	   106gat->409gat /1
	   78gat->408gat /1
	   803gat /1
	   779gat /0
	   760gat /1
	   251gat /0
	   739gat /0
	   727gat->739gat /1
	   687gat->705gat /1
	   687gat->704gat /1
	   687gat /1
	   985gat /0
	   991gat /0
	   1204gat->1277gat /1
	   1204gat->1276gat /1
	   1204gat /1
	   1108gat /0
	   1026gat /0
	   886gat->1111gat /1
	   912gat->1114gat /1
	   899gat->1117gat /1
test   14: 11001100011100000001110001010100111000111 11001100011100000001110001010100   33 faults detected
	   826gat /1
	   411gat /1
	   113gat->338gat /1
	   197gat->413gat /1
	   169gat->412gat /1
	   782gat->806gat /1
	   782gat /1
	   706gat->763gat /1
	   254gat->762gat /1
	   833gat /1
	   424gat /1
	   218gat->359gat /1
	   663gat->815gat /1
	   945gat /1
	   942gat /1
	   589gat /1
	   480gat->549gat /1
	   733gat->757gat /1
	   733gat->756gat /1
	   733gat /1
	   721gat /0
	   701gat /1
	   681gat /0
	   632gat->681gat /1
	   404gat /1
	   99gat->329gat /1
	   736gat->759gat /1
	   736gat->758gat /1
	   248gat /0
	   736gat /1
	   702gat /1
	   632gat->684gat /1
	   991gat->1026gat /1
test   15: 01000111110010101010111011000000101000000 01000111110010101010111011000000    0 faults detected
test   16: 00010011101100101000111010101000010100101 00010011101100101000111010101000   27 faults detected
	   571gat /1
	   602gat /0
	   426gat /1
	   8gat->363gat /1
	   1gat->362gat /1
	   522gat /0
	   426gat->522gat /1
	   607gat /1
	   435gat->573gat /1
	   432gat->572gat /1
	   432gat /1
	   36gat->367gat /1
	   29gat->366gat /1
	   275gat->369gat /1
	   275gat->368gat /1
	   275gat /1
	   612gat /0
	   574gat /1
	   438gat /0
	   370gat /1
	   278gat /0
	   64gat->278gat /1
	   528gat /0
	   441gat->528gat /1
	   281gat->373gat /1
	   281gat->372gat /1
	   281gat /1
test   17: 00000010111001110001010011110101101011111 00100010111001110001010011110101  120 faults detected
	   834gat->1036gat /1
	   794gat->819gat /1
	   794gat->818gat /1
	   794gat /1
	   770gat /0
	   754gat /1
	   730gat /0
	   718gat->730gat /1
	   579gat /1
	   450gat /1
	   120gat->379gat /1
	   113gat->378gat /1
	   450gat->534gat /1
	   453gat /0
	   381gat /1
	   293gat /0
	   127gat->293gat /1
	   162gat->385gat /1
	   155gat->384gat /1
	   996gat /0
	   595gat /1
	   498gat->558gat /1
	   501gat /0
	   412gat /1
	   341gat /0
	   197gat->341gat /1
	   742gat->763gat /1
	   742gat->762gat /1
	   742gat /1
	   429gat->571gat /1
	   426gat->570gat /1
	   429gat /1
	   22gat->365gat /1
	   15gat->364gat /1
	   573gat /1
	   432gat->525gat /1
	   368gat /1
	   435gat /0
	   275gat /0
	   50gat->275gat /1
	   347gat->417gat /1
	   347gat->416gat /1
	   347gat /1
	   764gat /1
	   709gat->745gat /1
	   669gat->693gat /1
	   669gat->692gat /1
	   575gat /1
	   438gat->528gat /1
	   372gat /1
	   441gat /0
	   281gat /0
	   78gat->281gat /1
	   669gat /1
	   576gat /1
	   375gat /1
	   444gat /0
	   284gat /0
	   85gat->284gat /1
	   447gat->531gat /1
	   447gat /1
	   287gat->377gat /1
	   287gat->376gat /1
	   287gat /1
	   830gat /1
	   599gat /1
	   660gat /0
	   155gat->419gat /1
	   127gat->418gat /1
	   564gat /0
	   510gat->564gat /1
	   788gat->812gat /1
	   748gat->767gat /1
	   748gat->766gat /1
	   260gat /0
	   748gat /1
	   695gat /1
	   602gat->672gat /1
	   979gat /0
	   986gat /0
	   847gat /1
	   773gat->821gat /1
	   645gat->820gat /1
	   36gat->399gat /1
	   8gat->398gat /1
	   637gat->701gat /1
	   632gat->700gat /1
	   632gat /1
	   465gat->583gat /1
	   462gat->582gat /1
	   462gat /1
	   302gat->387gat /1
	   302gat->386gat /1
	   302gat /1
	   637gat /1
	   543gat->585gat /1
	   543gat->584gat /1
	   391gat /1
	   197gat->308gat /1
	   543gat /1
	   590gat /1
	   403gat /1
	   15gat->326gat /1
	   489gat->552gat /1
	   489gat /1
	   329gat->405gat /1
	   329gat->404gat /1
	   329gat /1
	   761gat /1
	   228gat /1
	   251gat->739gat /1
	   704gat /1
	   727gat /0
	   687gat /0
	   637gat->687gat /1
	   847gat->1039gat /1
	   1233gat /1
	   15gat->1138gat /1
	   1042gat /0
	   873gat->1045gat /1
test   18: 00101111011011110101000010001100100101110 00101111011011110101000010001100    1 faults detected
	   233gat->260gat /1
test   19: 01010110000101110100011101110001111100100 01010110000101110100011101110001   20 faults detected
	   233gat /1
	   597gat /1
	   504gat->561gat /1
	   416gat /1
	   507gat /0
	   347gat /0
	   204gat->347gat /1
	   419gat /1
	   127gat->350gat /1
	   946gat /1
	   939gat /1
	   401gat /1
	   64gat->323gat /1
	   233gat->245gat /1
	   335gat->409gat /1
	   335gat->408gat /1
	   335gat /1
	   965gat /1
	   962gat /1
	   991gat->1031gat /1
test   20: 11110010100011101011100111100001010000011 11110010100011101011100111100001    5 faults detected
	   148gat->415gat /1
	   120gat->414gat /1
	   326gat->403gat /1
	   326gat->402gat /1
	   326gat /1
test   21: 01111000000100100001000101110101101101001 01111000001100100001000101110101   60 faults detected
	   385gat /1
	   155gat->299gat /1
	   782gat->827gat /1
	   654gat->826gat /1
	   666gat->691gat /1
	   666gat->690gat /1
	   570gat /1
	   363gat /1
	   1gat->266gat /1
	   429gat->522gat /1
	   269gat->365gat /1
	   269gat->364gat /1
	   269gat /1
	   666gat /1
	   366gat /1
	   36gat->272gat /1
	   829gat /1
	   657gat->809gat /1
	   64gat->371gat /1
	   57gat->370gat /1
	   373gat /1
	   71gat->281gat /1
	   672gat->695gat /1
	   672gat->694gat /1
	   672gat /1
	   519gat->601gat /1
	   516gat->600gat /1
	   356gat->423gat /1
	   356gat->422gat /1
	   356gat /1
	   232gat /1
	   797gat->821gat /1
	   797gat->820gat /1
	   797gat /1
	   757gat /1
	   245gat->733gat /1
	   700gat /1
	   387gat /1
	   169gat->302gat /1
	   637gat->681gat /1
	   758gat /1
	   724gat->736gat /1
	   779gat->825gat /1
	   651gat->824gat /1
	   651gat /1
	   555gat->593gat /1
	   555gat->592gat /1
	   555gat /1
	   408gat /1
	   106gat->335gat /1
	   739gat->761gat /1
	   739gat->760gat /1
	   739gat /1
	   834gat->1060gat /1
	   1006gat /0
	   847gat->1063gat /1
	   1249gat /1
	   71gat->1162gat /1
	   1066gat /0
	   873gat->1069gat /1
test   22: 00011110111110001011001100010101100011001 00011110111110001011001100010101    2 faults detected
	   698gat /1
	   627gat->678gat /1
test   23: 00001010010101100101001110110000001011100 00001010010101100101001110110000    0 faults detected
test   24: 01101110111001111000110010010101101100011 01101110111001111000110010010101    0 faults detected
test   25: 01001001110100011110011011100101011110110 01001001110100011110011011100101    5 faults detected
	   627gat /1
	   537gat->581gat /1
	   537gat->580gat /1
	   537gat /1
	   986gat->996gat /1
test   26: 10101001011110100011100110010001100000000 10101001011110100011100110010001   10 faults detected
	   632gat->703gat /1
	   622gat->702gat /1
	   825gat /1
	   407gat /1
	   22gat->332gat /1
	   651gat->803gat /1
	   705gat /1
	   627gat->687gat /1
	   971gat /1
	   973gat /1
test   27: 01010101001110000010100100001000010001110 01010101011110000010100100001000   40 faults detected
	   397gat /1
	   57gat->317gat /1
	   755gat /1
	   242gat->730gat /1
	   380gat /1
	   134gat->293gat /1
	   382gat /1
	   148gat->296gat /1
	   558gat->595gat /1
	   558gat->594gat /1
	   558gat /1
	   413gat /1
	   169gat->341gat /1
	   525gat->573gat /1
	   525gat->572gat /1
	   525gat /1
	   369gat /1
	   43gat->275gat /1
	   374gat /1
	   92gat->284gat /1
	   106gat->377gat /1
	   99gat->376gat /1
	   598gat /1
	   513gat->564gat /1
	   769gat /1
	   263gat->751gat /1
	   980gat /0
	   176gat->387gat /1
	   169gat->386gat /1
	   860gat /1
	   800gat->823gat /1
	   800gat->822gat /1
	   800gat /1
	   332gat->407gat /1
	   332gat->406gat /1
	   332gat /1
	   1247gat /1
	   64gat->1159gat /1
	   1063gat /0
	   860gat->1066gat /1
test   28: 11110110011100010000011010010101100101111 11110110011100010000011010010101    5 faults detected
	   266gat->363gat /1
	   266gat->362gat /1
	   266gat /1
	   371gat /1
	   57gat->278gat /1
test   29: 10011011001000011101010111011000100010100 10011011001000011101010111011000    2 faults detected
	   955gat /1
	   957gat /1
test   30: 01000110110100101011111110110001101110100 01000110110100101011111110110001    0 faults detected
test   31: 00110101000000000111001001010100101010010 00110101000000000111001001010100    7 faults detected
	   540gat->583gat /1
	   540gat->582gat /1
	   540gat /1
	   389gat /1
	   465gat /0
	   305gat /0
	   183gat->305gat /1
test   32: 00001010110010110100101011100001011011111 00001010110010110100101011100001    2 faults detected
	   766gat /1
	   712gat->748gat /1
test   33: 10101000101100111010011110110100010001001 10101100101100111010011110110100   33 faults detected
	   314gat->395gat /1
	   314gat->394gat /1
	   314gat /1
	   622gat /1
	   534gat->579gat /1
	   534gat->578gat /1
	   534gat /1
	   364gat /1
	   22gat->269gat /1
	   561gat->597gat /1
	   561gat->596gat /1
	   561gat /1
	   417gat /1
	   176gat->347gat /1
	   692gat /1
	   617gat->669gat /1
	   617gat /1
	   447gat->577gat /1
	   444gat->576gat /1
	   812gat->831gat /1
	   812gat->830gat /1
	   812gat /1
	   696gat /1
	   617gat->675gat /1
	   495gat->593gat /1
	   492gat->592gat /1
	   834gat->1048gat /1
	   1001gat /0
	   1239gat /1
	   36gat->1147gat /1
	   1051gat /0
	   860gat->1054gat /1
	   873gat->1057gat /1
test   34: 11111101100010101111100011101000000000110 11111101100010101111100011101000    0 faults detected
test   35: 11000111010111100001101101011100111000011 11000111010111100001101101011100    0 faults detected
test   36: 10100001000100110100011000111100100000011 10100001000100110100011000111100    0 faults detected
test   37: 01010110101111110101111111101100111111111 01010110101111110101111111101100    6 faults detected
	   819gat /1
	   477gat->587gat /1
	   474gat->586gat /1
	   642gat->794gat /1
	   970gat /1
	   974gat /1
test   38: 10100110100100111000100001010100101110111 10100110100100111000100001010100    2 faults detected
	   134gat->381gat /1
	   127gat->380gat /1
test   39: 11100111001111011110011010110101101101100 11100111001111011110011010110101    0 faults detected
test   40: 10101011011010001110111000110001001111000 10101011011010001110111000110001    3 faults detected
	   528gat->575gat /1
	   528gat->574gat /1
	   528gat /1
test   41: 00011001010011011011111001011100101011010 00011001010011111011111001011100   28 faults detected
	   296gat->383gat /1
	   296gat->382gat /1
	   296gat /1
	   338gat->411gat /1
	   338gat->410gat /1
	   338gat /1
	   233gat->254gat /1
	   690gat /1
	   607gat->666gat /1
	   284gat->375gat /1
	   284gat->374gat /1
	   284gat /1
	   377gat /1
	   99gat->287gat /1
	   471gat->585gat /1
	   468gat->584gat /1
	   489gat->591gat /1
	   486gat->590gat /1
	   99gat->405gat /1
	   71gat->404gat /1
	   233gat->248gat /1
	   834gat->1072gat /1
	   1011gat /0
	   847gat->1075gat /1
	   1257gat /1
	   99gat->1174gat /1
	   1078gat /0
	   873gat->1081gat /1
test   42: 00111110001100100010010001011101100001011 00111110001100100010010001011101    0 faults detected
test   43: 01110100110101110010101000111001101011101 01110100110101110010101000111001    2 faults detected
	   967gat /1
	   964gat /1
test   44: 01101000111101000010111100110101110000000 01101000111101000010111100110101    0 faults detected
test   45: 10110001111011101011100011101101001111001 10110001111011101011100011101101    0 faults detected
test   46: 11000011000100101000010011101000101110000 11000011000100101000010011101000    0 faults detected
test   47: 11000101110010000000011001111001100100000 11000101110010000000011001111001    0 faults detected
test   48: 11100100000001100100011101011101001110100 11100100000001101100011101011101   10 faults detected
	   531gat->577gat /1
	   531gat->576gat /1
	   531gat /1
	   1261gat /1
	   113gat->1180gat /1
	   1084gat /0
	   1016gat /0
	   886gat->1087gat /1
	   912gat->1090gat /1
	   899gat->1093gat /1
test   49: 11101010011001111000101101101000110011110 11101010011001111000101101101000    2 faults detected
	   388gat /1
	   190gat->305gat /1
test   50: 10011100011010010111000010010000101110010 10011100011010010111000010010000    0 faults detected
test   51: 10101111001011100111110100001101111110101 10101111001011100111110100001101    0 faults detected
test   52: 00111100001001001101000011011101111101001 00111100001001001101000011011101    0 faults detected
test   53: 10111101011000101000010101010101000010110 10111101011000101000010101010101    0 faults detected
test   54: 10011000010110110111111001110100010010111 10011000010110110111111001110100    0 faults detected
test   55: 10111110011110010000011000011100111011100 10111110011110010000011000011100    0 faults detected
test   56: 10111000001100100001101100110101010100010 10101000001100100001101100110101    6 faults detected
	   978gat /0
	   860gat->1042gat /1
	   1141gat->1235gat /1
	   1141gat->1234gat /1
	   1141gat /1
	   1045gat /0
test   57: 00011010011001101001000010001001001100100 00011010011001101001000010001001    0 faults detected
test   58: 00011010000001000000111110111101110000110 00011010000001000000111110111101    0 faults detected
test   59: 10100001110011101000000101010001111011011 10100001110011101000000101010001    0 faults detected
test   60: 11110001100000110111101010100101100100011 11110001100000110111101010100101    0 faults detected
test   61: 00010111100100111010101110100100100101001 00010111100100111010001110100100   10 faults detected
	   776gat->823gat /1
	   648gat->822gat /1
	   1192gat->1269gat /1
	   1192gat->1268gat /1
	   1192gat /1
	   1096gat /0
	   1021gat /0
	   886gat->1099gat /1
	   912gat->1102gat /1
	   899gat->1105gat /1
test   62: 10110010110001100101000011000101101000110 10110010110001100101000011000101    0 faults detected
test   63: 10100110011001000010111101011000010111011 10100110011001000010111101011000    4 faults detected
	   912gat->996gat /1
	   899gat->1001gat /1
	   860gat->1026gat /1
	   873gat->1031gat /1
test   64: 10100010011111011101111000001001011110100 10100010011111011101111000001001    0 faults detected
test   65: 11011010101011100111011111110100111111000 11011010101011100111011111110000    9 faults detected
	   984gat /0
	   925gat->1120gat /1
	   1031gat /0
	   1219gat->1287gat /1
	   1219gat->1286gat /1
	   1219gat /1
	   1123gat /0
	   912gat->1126gat /1
	   899gat->1129gat /1
test   66: 00011111101101100000111011000000000101001 00011111101101100000111011000000    2 faults detected
	   453gat->579gat /1
	   450gat->578gat /1
test   67: 01111100110011011101111101111000010110001 01111100110011011101111101111000    2 faults detected
	   968gat /1
	   961gat /1
test   68: 00001101001110100110011010010001101111110 00001101001110100110011010010001    4 faults detected
	   925gat->1001gat /1
	   886gat->1011gat /1
	   834gat->1021gat /1
	   847gat->1031gat /1
test   69: 01101011111111100001100111000101001001101 01101011111111100001100111000101    0 faults detected
test   70: 00000101101111111010010110000101100101001 00000101101111111010010110000101    0 faults detected
test   71: 11101101111001001101101101001101011110110 11101101111001001101101101001101    0 faults detected
test   72: 00010110111101101110101101110000000100001 00010110111101100110101101110000    8 faults detected
	   290gat->379gat /1
	   290gat->378gat /1
	   290gat /1
	   204gat->391gat /1
	   197gat->390gat /1
	   1180gat->1261gat /1
	   1180gat->1260gat /1
	   1180gat /1
test   73: 11101010010001110101111010101101000001111 11101010010001110101111010101101    0 faults detected
test   74: 11101001111110110100001010001100011101110 11101001111110110100001010001100    0 faults detected
test   75: 00001100111110111101010111101101110010010 00001100111110111101010111101101    2 faults detected
	   950gat /1
	   954gat /1
test   76: 11110111000000101101100110000000001100010 11110111000000101101100110000000    0 faults detected
test   77: 10011110110101011000010011001000011110000 10011110110101011000010011001000    0 faults detected
test   78: 11000101011000011110110110000101111101110 11000101011000011110110110000101    0 faults detected
test   79: 10001101111001100100100101000001001011100 10001101111001100100100101000001    2 faults detected
	   952gat /1
	   956gat /1
test   80: 00111001011110111101101111111001011000010 00111001011110111101101111111001    2 faults detected
	   963gat /1
	   960gat /1
test   81: 11100110100110011011110111010000010100100 11100110100110011011110111010000    0 faults detected
test   82: 10111010111000111011010011001001010010100 10111010111000111011010011001001    0 faults detected
test   83: 10010011011110111110001110000101011000000 10010011011110111110001110000101    0 faults detected
test   84: 10000101011000100110101000101101111100101 10000101011000100110101000101101    0 faults detected
test   85: 11101011010110101001111000101001000001000 11101011010110101001111000101001    0 faults detected
test   86: 11001111001111101001101010000100111000101 11001111001111101001101010000100    0 faults detected
test   87: 01111111101100010101111000100100011101000 01111111101100010101111000100100    4 faults detected
	   912gat->1006gat /1
	   899gat->1011gat /1
	   860gat->1016gat /1
	   873gat->1021gat /1
test   88: 01111001000010001001110011010000110101000 01111001000010001001110011010000    0 faults detected
test   89: 10111000001111100001111100111100110110000 10111000001111100001111100111100    0 faults detected
test   90: 01001100011000111000111110011001011001011 01001100011000111000111110011001    0 faults detected
test   91: 10111010100010011011100011001000100010011 10111010100010011011100011001000    0 faults detected
test   92: 10100110001000000110010001001001110101100 10100111001000000110010001001001    4 faults detected
	   847gat->1051gat /1
	   1243gat /1
	   50gat->1153gat /1
	   1057gat /0
test   93: 01111010110101010100110000000000001000011 01111010110101010100110000000000    2 faults detected
	   459gat->581gat /1
	   456gat->580gat /1
test   94: 01101101011100001010101000101000000100011 01101101011100001010101000101000    0 faults detected
test   95: 10001111111100110000100001100100100101010 10001111111100110000100001100100    0 faults detected
test   96: 10111000000011111010001010101101001101010 10111000000011111010001010101101    0 faults detected
test   97: 11100111100111001011111011101001101111011 11100111100111001011111011101001    0 faults detected
test   98: 11111111101011011110000100111000000110100 11111111101011011110000100111000    0 faults detected
test   99: 00010001110110111110000010100100000010100 00010001110110111110000010100100    0 faults detected
test  100: 00001010111011101010010101111101111101001 00001010111011101010010101011101    6 faults detected
	   983gat /0
	   925gat->1108gat /1
	   1210gat->1281gat /1
	   1210gat->1280gat /1
	   1210gat /1
	   1114gat /0
test  101: 10000111000000100101101101100101100001000 10000111000000100101101101100101    0 faults detected
test  102: 01110111000111011010101100000000000011101 01110111000111011010101100000000    0 faults detected
test  103: 11111001000001111111010000001001011000110 11111001000001111111010000001001    0 faults detected
test  104: 01101100111111000101001010100100011110100 01101100111111000101001010100100    0 faults detected
test  105: 11000011100111010101000100010001001011010 11000011100111010101000100010001    0 faults detected
test  106: 10010000000111010011001110000001000010011 10010000000111010011001110000001    0 faults detected
test  107: 11010001001100001001001101011000111011000 11010001001100001101001101011000    4 faults detected
	   925gat->1084gat /1
	   1263gat /1
	   120gat->1183gat /1
	   1087gat /0
test  108: 00011111111000011110011110000001001011111 00011111111000011110011110000001    2 faults detected
	   943gat /1
	   940gat /1
test  109: 11101110111000100000101111100000111010101 11101110111000100000101111100000    0 faults detected
test  110: 01011111010100110000001110111001001011011 01011111010100110000001110111001    3 faults detected
	   272gat->367gat /1
	   272gat->366gat /1
	   272gat /1
test  111: 10000000001000011011011001010001110100011 10000000001000011011011101010001    5 faults detected
	   982gat /0
	   925gat->1096gat /1
	   1275gat /1
	   162gat->1201gat /1
	   1105gat /0
test  112: 01000011000000011111010111111000001011110 01000011000000011111010111111000    0 faults detected
test  113: 01001001010011100101111011011001000001101 01001001010011100101111011011001    0 faults detected
test  114: 00011001011010111111010011011001101100001 00011001011010111111010011011001    0 faults detected
test  115: 01000110110011001010100010110001001011110 01000110110011001010100010110001    2 faults detected
	   925gat->996gat /1
	   886gat->1006gat /1
test  116: 01011110001000011100000001011100010001000 01011110001000011100000001011100    0 faults detected
test  117: 00110100010000100010101110011101001011010 00110100010000100010101110011101    0 faults detected
test  118: 00100100110000100010001011111100011001101 00100100110000100010001011111100    0 faults detected
test  119: 01101111011000000001011101100001101101001 01101111011000100001011101100001    0 faults detected
test  120: 00010001111111100011010011101001001110100 00010001111111100011010011101001    2 faults detected
	   583gat /1
	   462gat->540gat /1
test  121: 00100011111000010101001111000100100100111 00100011111000010101001111000100    2 faults detected
	   834gat->1016gat /1
	   847gat->1026gat /1
test  122: 01011011110100001101100011010101111001000 01011011110100001101100011110101    2 faults detected
	   1281gat /1
	   183gat->1210gat /1
test  123: 00000000001011111101011100110100100101111 00000000001011111101011100110100    0 faults detected
test  124: 00011100001100101111000110011001110111011 00011100001100101111000110011001    0 faults detected
test  125: 00000001010101001111110011000000100110011 00000001010101001111110011000000    0 faults detected
test  126: 00000111010010101011100101000101000000101 00000111010010101011100101000101    0 faults detected
test  127: 01010010010010110110101001010001100010111 01010010010010110110101001010001    0 faults detected
test  128: 01010110001101101110100111110100011101100 01010110001101101110100111110100    0 faults detected
test  129: 10100110010100000010000101111100100000011 10100010010100000010000101111100    3 faults detected
	   1147gat->1239gat /1
	   1147gat->1238gat /1
	   1147gat /1
test  130: 11101111010010011100101001100101110001110 11101111010010011100101001100101    0 faults detected
test  131: 11010111000010010011100100100100100111011 11010111000010010011101100100100    3 faults detected
	   1273gat /1
	   155gat->1198gat /1
	   1102gat /0
test  132: 11010000010011010001000111111100001100011 11010000010011010001000111111100    0 faults detected
test  133: 11011011001010100000110011011001111010010 11011011001010100000110011011001    0 faults detected
test  134: 00100111101011110010111000010101000101111 00100111101011110010111000010101    0 faults detected
test  135: 01010001111011101101101011000100011011010 01010001111011101101101011000100    0 faults detected
test  136: 01010001001110001101000110001100111001011 01010001001110001101000110001100    0 faults detected
test  137: 01111111001101010101100100011001010011000 01111111001101010101100100011001    0 faults detected
test  138: 10111001110010011001110110100001111111100 10111001110010011001110110100001    0 faults detected
test  139: 11101100001111010001010110010000110101111 11101100001111010001010110010000    0 faults detected
test  140: 11101110001110110100001001011100001110101 11101110001110110100001001011100    0 faults detected
test  141: 10010000111011110001100101101001110101011 10010000111011110001100101101001    0 faults detected
test  142: 01011100101010010010100101011001100101010 01011100101010010010100101011001    0 faults detected
test  143: 11011111010000001011010011111000010010110 11011111010000001011010011111000    0 faults detected
test  144: 11110100011100001000001101100000000011010 11110100011100001000001101000000    0 faults detected
test  145: 01100101001000101100111100101000110010010 01100101001000101100111100101000    0 faults detected
test  146: 11100100110100100101001010010100100100110 11100100110100100101001010010100    0 faults detected
test  147: 00011001000111011101011010110000100110010 00010001000111011101011010110000    5 faults detected
	   981gat /0
	   1144gat->1237gat /1
	   1144gat->1236gat /1
	   1144gat /1
	   1048gat /0
test  148: 01010101000101010000000000011001100111010 01010101000101010000000000011001    0 faults detected
test  149: 01000110010011111111100111100101111000101 01000110010011111111100111100101    0 faults detected
test  150: 00100010100101100010110101010001011011110 00100010100101100010010101010001    0 faults detected
test  151: 11011111110010001110100000000001111001110 11011111110010001110100000000001    0 faults detected
test  152: 11011100100101101000010001001000101111100 11011100100101101000010001001000    0 faults detected
test  153: 00101100011101011010011100011001001101100 00101100011101011010011100011001    0 faults detected
test  154: 10011111100001100001110001111001101011001 10011111100001100001110001111001    0 faults detected
test  155: 00001101001110111100010011101100000111001 00001101001110111100010011101100    0 faults detected
test  156: 00100100100010100110111011110101001110111 00100100100010100110111011110101    0 faults detected
test  157: 00010011101101101101101010101100111101001 00010011101101101101101010101100    0 faults detected
test  158: 00110000101110010011010101110101100001100 00110000101110010011010101110101    2 faults detected
	   975gat /1
	   977gat /1
test  159: 01000000000101110110110000101000011110011 01000000000101110110110000101000    0 faults detected
test  160: 11000100011111101001110001001100001010100 11000100011111101001110001001100    0 faults detected
test  161: 01000110001100100100000101000100101001010 01000110001100100100000101000100    0 faults detected
test  162: 11011100010000000101110101000101101111100 11011100010000000101110101000101    0 faults detected
test  163: 10111110011000110110101000100000110011101 10111110011000110110101000100000    0 faults detected
test  164: 11110110010010000101000100011001111101100 11110110010010000101000100011001    0 faults detected
test  165: 10101110100100100000110011011100010110111 10101110100100100000110011011100    0 faults detected
test  166: 00110011010001000100111101101100000111010 00110011010001000110111101101100    3 faults detected
	   1265gat /1
	   127gat->1186gat /1
	   1090gat /0
test  167: 11000001100000000111111011111000001000000 11000001100000000111111011111000    0 faults detected
test  168: 11010110011110001001111111001001110110111 11010110011110001001111011001001    3 faults detected
	   1201gat->1275gat /1
	   1201gat->1274gat /1
	   1201gat /1
test  169: 10000111000100010111011100000101010011000 10000111000100010111011100000101    0 faults detected
test  170: 11000100010110000100111101011001000100110 11000100010110000100111101011001    0 faults detected
test  171: 10101011011111010011010101010001110001011 10101011011111010011010101010001    0 faults detected
test  172: 11010010100111001111001110100100111100100 11010010100111001111001110100100    0 faults detected
test  173: 10100101100010101100111000101001110101001 10100101100010101100111000101001    0 faults detected
test  174: 10000110101110010000100100101001110010110 10000110101110010000100100101001    0 faults detected
test  175: 11001001100000011001011110010001010000111 11001001110000011001011110010001    0 faults detected
test  176: 00001010011001100010101110001000110111110 00001010011001100010101110001000    0 faults detected
test  177: 00001011001001111011001001000101101000100 00001011001001111011001001000101    0 faults detected
test  178: 10001111010010111001101000111001011001011 10001111010010111001101000111001    0 faults detected
test  179: 10001110110010001001001011110101000011010 10001110110010001001001011110101    0 faults detected
test  180: 00110100001001101101100101001000110011100 00110100001001101101100101001000    0 faults detected
test  181: 10101000100001100100010000011001001111101 10101000100001100100010000011001    0 faults detected
test  182: 11101010010111010000001110100100001100101 11101010010111010000001110100100    0 faults detected
test  183: 10000000110010001000010101001000100001100 10000000110010001000010101001000    0 faults detected
test  184: 11110010010010000010000000001101100011111 11110010010010000010000000001101    0 faults detected
test  185: 11100100100110101101011111010101100111000 11100100100110101101011111010101    0 faults detected
test  186: 10101110100000000100010111010001011111111 10101110100000000100010111010001    0 faults detected
test  187: 01011101111010010111101010101000000001101 01011101111010010111101010101000    0 faults detected
test  188: 11011001001000100000010101101101111101010 11011001001000100000010101101101    0 faults detected
test  189: 11101000100010001011011110100001011111110 11101000100010001011011110100001    0 faults detected
test  190: 01100000110001000011111001001001101010101 01100000110001000011111001001001    0 faults detected
test  191: 01000001101111110101111110001000110101010 01000001101111110101111110001000    0 faults detected
test  192: 10000101000001100100001000111100100101001 10000101000001100100001000111100    0 faults detected
test  193: 01000111100011110111101100011001100100111 01000111100011110111101100011001    0 faults detected
test  194: 11111001101100011011011101011001100101010 11111001101100011011011101011001    0 faults detected
test  195: 00101111000110000000000110110000011001110 00101111000110000000000110110000    0 faults detected
test  196: 10011100010001101000010101001101001000001 10011100010001101000010101001101    0 faults detected
test  197: 10100011000111100110100011101100000100100 10100011000111100110100011101100    0 faults detected
test  198: 10000101001110110100001010111001110001111 10000101001110110100001010111001    0 faults detected
test  199: 01001010101011111101100001001001000111101 01001010101011111101100001001001    0 faults detected
test  200: 01010101111001001110001010111100101111001 01010101111001001110001010111100    0 faults detected
test  201: 00100110110110001011110000011001111100010 00100110110110001011110000011001    0 faults detected
test  202: 11101110011001101111100100101100111100011 11101110011001101111100100101100    0 faults detected
test  203: 11111011110001100101101001011100100100011 11111011110001100101101001011100    0 faults detected
test  204: 10111110001110011011011011101000110111100 10111110001110011011011001101000    0 faults detected
test  205: 11110000101100010000111001101100010000111 11110000101100010000111001101100    0 faults detected
test  206: 10000101111000000111100000001001000100101 10000101111000000111100000001001    0 faults detected
test  207: 11011011000100100101110001110001100001000 11011011000100100101110001110001    0 faults detected
test  208: 11000111001101100010110100111101011110101 11000111001101100010110100111101    0 faults detected
test  209: 01101011110110010011111100100101100000101 01101011110110010011111100100101    0 faults detected
test  210: 00001000000000101000001011110100101001100 00001000000000101000001011110100    0 faults detected
test  211: 11110010001101110101010010100000101001001 11110010001101110101010010100000    0 faults detected
test  212: 11001011011101001111100000011001010100010 11001011011101001111100000011001    0 faults detected
test  213: 01011011011111010010001001011100010111011 01011011011111010010001001011100    0 faults detected
test  214: 00111011000011110001111110100001011010000 00111011000011110001111110100001    0 faults detected
test  215: 10100110010111110001010101000000110000100 10100110010111110001010101000000    0 faults detected
test  216: 11100101010000000001011001010001001001110 11100101010000000001011001010001    0 faults detected
test  217: 10100101100000101001010000110000111100010 10100101100000101001010000110000    0 faults detected
test  218: 11100111000100111000000100010000010000110 11100111000100111000000100010000    0 faults detected
test  219: 00001100001010001110001001010101010011010 00001100001010001110001001010101    0 faults detected
test  220: 11011110010110001101001101100001111110010 11011110010110001101001101100001    0 faults detected
test  221: 10010111001001001001101110010001011100001 10010111001001001001101110010001    0 faults detected
test  222: 10001011110101001100010010010101010001110 10001011110101001100010010010101    0 faults detected
test  223: 00000110010100011001001011000101010110100 00000110010100011001001011000101    0 faults detected
test  224: 01000001000101010011010011111100110110001 01000001000101010011010011111100    0 faults detected
	*******************************************************
	*                                                     *
	*             Welcome to HOPE (version 2.0)           *
	*                                                     *
	*                Dong S. Ha (ha@vt.edu)               *
	*         Web: http://www.visc.vt.edu/people/ha       *
	*  Virginia Polytechnic Institute & State University  *
	*                                                     *
	*******************************************************

******   SUMMARY OF SIMULATION RESULTS   ******
1. Circuit structure
   Name of circuit                           : c1355o
   Number of primary inputs                  : 41
   Number of primary outputs                 : 32
   Number of combinational gates             : 578
   Number of flip-flops                      : 0
   Level of the circuit                      : 25

2. Simulator input parameters
   Simulation mode                           : random
   Initial random number generator seed      : 1618740786

3. Simulation results
   Number of test patterns applied           : 224
   Fault coverage                            : 90.534 %
   Number of collapsed faults                : 1574
   Number of detected faults                 : 1425
   Number of undetected faults               : 149

4. Memory used                               : 168054 Kbytes

5. CPU time
   Initialization                            : 2947554.417 secs
   Fault simulation                          : 0.000 secs
   Total                                     : 2947554.417 secs

* List of undetected faults:
   1. 1229gat /1
   2. 1132gat->1229gat /1
   3. 1132gat->1228gat /1
   4. 1gat->1132gat /1
   5. 1132gat /1
   6. 1036gat /0
   7. 421gat /1
   8. 353gat->421gat /1
   9. 353gat->420gat /1
  10. 183gat->353gat /1
  11. 353gat /1
  12. 211gat /0
  13. 834gat->981gat /1
  14. 847gat->980gat /1
  15. 860gat->979gat /1
  16. 873gat->978gat /1
  17. 392gat /1
  18. 311gat->393gat /1
  19. 311gat->392gat /1
  20. 218gat->311gat /1
  21. 311gat /1
  22. 1231gat /1
  23. 1135gat->1231gat /1
  24. 1135gat->1230gat /1
  25. 8gat->1135gat /1
  26. 1135gat /1
  27. 1039gat /0
  28. 1138gat->1233gat /1
  29. 1138gat->1232gat /1
  30. 1138gat /1
  31. 1235gat /1
  32. 22gat->1141gat /1
  33. 1237gat /1
  34. 29gat->1144gat /1
  35. 1241gat /1
  36. 1150gat->1241gat /1
  37. 1150gat->1240gat /1
  38. 43gat->1150gat /1
  39. 1150gat /1
  40. 1054gat /0
  41. 1153gat->1243gat /1
  42. 1153gat->1242gat /1
  43. 1153gat /1
  44. 1245gat /1
  45. 1156gat->1245gat /1
  46. 1156gat->1244gat /1
  47. 57gat->1156gat /1
  48. 1156gat /1
  49. 1060gat /0
  50. 1159gat->1247gat /1
  51. 1159gat->1246gat /1
  52. 1159gat /1
  53. 1162gat->1249gat /1
  54. 1162gat->1248gat /1
  55. 1162gat /1
  56. 1251gat /1
  57. 1165gat->1251gat /1
  58. 1165gat->1250gat /1
  59. 78gat->1165gat /1
  60. 1165gat /1
  61. 1069gat /0
  62. 1253gat /1
  63. 1168gat->1253gat /1
  64. 1168gat->1252gat /1
  65. 85gat->1168gat /1
  66. 1168gat /1
  67. 1072gat /0
  68. 1255gat /1
  69. 1171gat->1255gat /1
  70. 1171gat->1254gat /1
  71. 92gat->1171gat /1
  72. 1171gat /1
  73. 1075gat /0
  74. 1174gat->1257gat /1
  75. 1174gat->1256gat /1
  76. 1174gat /1
  77. 860gat->1078gat /1
  78. 1259gat /1
  79. 1177gat->1259gat /1
  80. 1177gat->1258gat /1
  81. 106gat->1177gat /1
  82. 1177gat /1
  83. 1081gat /0
  84. 925gat->985gat /1
  85. 886gat->984gat /1
  86. 912gat->983gat /1
  87. 899gat->982gat /1
  88. 1183gat->1263gat /1
  89. 1183gat->1262gat /1
  90. 1183gat /1
  91. 1186gat->1265gat /1
  92. 1186gat->1264gat /1
  93. 1186gat /1
  94. 1267gat /1
  95. 1189gat->1267gat /1
  96. 1189gat->1266gat /1
  97. 134gat->1189gat /1
  98. 1189gat /1
  99. 1093gat /0
 100. 1269gat /1
 101. 141gat->1192gat /1
 102. 1271gat /1
 103. 1195gat->1271gat /1
 104. 1195gat->1270gat /1
 105. 148gat->1195gat /1
 106. 1195gat /1
 107. 1099gat /0
 108. 1198gat->1273gat /1
 109. 1198gat->1272gat /1
 110. 1198gat /1
 111. 1277gat /1
 112. 169gat->1204gat /1
 113. 1279gat /1
 114. 1207gat->1279gat /1
 115. 1207gat->1278gat /1
 116. 176gat->1207gat /1
 117. 1207gat /1
 118. 1111gat /0
 119. 1283gat /1
 120. 1213gat->1283gat /1
 121. 1213gat->1282gat /1
 122. 190gat->1213gat /1
 123. 1213gat /1
 124. 1117gat /0
 125. 1285gat /1
 126. 1216gat->1285gat /1
 127. 1216gat->1284gat /1
 128. 197gat->1216gat /1
 129. 1216gat /1
 130. 1120gat /0
 131. 1287gat /1
 132. 204gat->1219gat /1
 133. 886gat->1123gat /1
 134. 1289gat /1
 135. 1288gat /1
 136. 1354gat /0
 137. 1222gat->1289gat /1
 138. 1222gat->1288gat /1
 139. 1222gat /0
 140. 211gat->1222gat /1
 141. 1126gat->1222gat /1
 142. 1222gat /1
 143. 1126gat /0
 144. 1291gat /1
 145. 1225gat->1291gat /1
 146. 1225gat->1290gat /1
 147. 218gat->1225gat /1
 148. 1225gat /1
 149. 1129gat /0
